<?xml version="1.0" encoding="UTF-8"?>
<testsuite xmlns:xsi="http://www.w3.org/2001/XMLSchema-instance" xsi:noNamespaceSchemaLocation="https://maven.apache.org/surefire/maven-surefire-plugin/xsd/surefire-test-report.xsd" name="in.tcs.AppTest" time="0.029" tests="1" errors="0" skipped="0" failures="0">
  <properties>
    <property name="java.specification.version" value="17"/>
    <property name="sun.cpu.isalist" value="amd64"/>
    <property name="sun.jnu.encoding" value="Cp1252"/>
    <property name="java.class.path" value="F:\tools\MAVEN\WORKSPACE\my-PassortApp\target\test-classes;F:\tools\MAVEN\WORKSPACE\my-PassortApp\target\classes;C:\Users\bheem\.m2\repository\junit\junit\4.11\junit-4.11.jar;C:\Users\bheem\.m2\repository\org\hamcrest\hamcrest-core\1.3\hamcrest-core-1.3.jar;"/>
    <property name="java.vm.vendor" value="Oracle Corporation"/>
    <property name="sun.arch.data.model" value="64"/>
    <property name="user.variant" value=""/>
    <property name="java.vendor.url" value="https://java.oracle.com/"/>
    <property name="user.timezone" value="Asia/Calcutta"/>
    <property name="os.name" value="Windows 11"/>
    <property name="java.vm.specification.version" value="17"/>
    <property name="sun.java.launcher" value="SUN_STANDARD"/>
    <property name="user.country" value="IN"/>
    <property name="sun.boot.library.path" value="C:\Program Files\java\jdk-17\bin"/>
    <property name="sun.java.command" value="C:\Users\bheem\AppData\Local\Temp\surefire11181259354564403748\surefirebooter17342367935398656144.jar C:\Users\bheem\AppData\Local\Temp\surefire11181259354564403748 2023-12-26T11-30-08_005-jvmRun1 surefire226068402775342917tmp surefire_014858730232242416530tmp"/>
    <property name="jdk.debug" value="release"/>
    <property name="surefire.test.class.path" value="F:\tools\MAVEN\WORKSPACE\my-PassortApp\target\test-classes;F:\tools\MAVEN\WORKSPACE\my-PassortApp\target\classes;C:\Users\bheem\.m2\repository\junit\junit\4.11\junit-4.11.jar;C:\Users\bheem\.m2\repository\org\hamcrest\hamcrest-core\1.3\hamcrest-core-1.3.jar;"/>
    <property name="sun.cpu.endian" value="little"/>
    <property name="user.home" value="C:\Users\bheem"/>
    <property name="user.language" value="en"/>
    <property name="java.specification.vendor" value="Oracle Corporation"/>
    <property name="java.version.date" value="2023-04-18"/>
    <property name="java.home" value="C:\Program Files\java\jdk-17"/>
    <property name="file.separator" value="\"/>
    <property name="basedir" value="F:\tools\MAVEN\WORKSPACE\my-PassortApp"/>
    <property name="java.vm.compressedOopsMode" value="Zero based"/>
    <property name="line.separator" value="&#10;"/>
    <property name="java.vm.specification.vendor" value="Oracle Corporation"/>
    <property name="java.specification.name" value="Java Platform API Specification"/>
    <property name="surefire.real.class.path" value="C:\Users\bheem\AppData\Local\Temp\surefire11181259354564403748\surefirebooter17342367935398656144.jar"/>
    <property name="user.script" value=""/>
    <property name="sun.management.compiler" value="HotSpot 64-Bit Tiered Compilers"/>
    <property name="java.runtime.version" value="17.0.7+8-LTS-224"/>
    <property name="user.name" value="Bheemesh"/>
    <property name="path.separator" value=";"/>
    <property name="os.version" value="10.0"/>
    <property name="java.runtime.name" value="Java(TM) SE Runtime Environment"/>
    <property name="file.encoding" value="Cp1252"/>
    <property name="java.vm.name" value="Java HotSpot(TM) 64-Bit Server VM"/>
    <property name="localRepository" value="C:\Users\bheem\.m2\repository"/>
    <property name="java.vendor.url.bug" value="https://bugreport.java.com/bugreport/"/>
    <property name="java.io.tmpdir" value="C:\Users\bheem\AppData\Local\Temp\"/>
    <property name="java.version" value="17.0.7"/>
    <property name="user.dir" value="F:\tools\MAVEN\WORKSPACE\my-PassortApp"/>
    <property name="os.arch" value="amd64"/>
    <property name="java.vm.specification.name" value="Java Virtual Machine Specification"/>
    <property name="sun.os.patch.level" value=""/>
    <property name="native.encoding" value="Cp1252"/>
    <property name="java.library.path" value="C:\Program Files\java\jdk-17\bin;C:\WINDOWS\Sun\Java\bin;C:\WINDOWS\system32;C:\WINDOWS;C:\oraclexe\app\oracle\product\11.2.0\server\bin;C:\Program Files\java\jdk-17\bin;C:\Program Files\Common Files\Oracle\Java\javapath;C:\oraclexe\app\oracle\product\11.2.0\server\bin;C:\WINDOWS\system32;C:\WINDOWS;C:\WINDOWS\System32\Wbem;C:\WINDOWS\System32\WindowsPowerShell\v1.0\;C:\WINDOWS\System32\OpenSSH\;C:\Program Files\java\jdk-17.0.2\bin;C:\Program Files\nodejs\;C:\MongoShell\mongosh-1.9.1-win32-x64\bin;&quot;C:\Program Files\Apache Software Foundation\Tomcat 10.1_Tomcat10.1\bin\servlet-api.jar;&quot;;mysql_secure_installation;C:\Program Files\Apache Software Foundation\Tomcat 10.1_Tomcat10.1\lib\servlet-api.jar;C:\Program Files\Git\cmd;C:\Program Files\MySQL\MySQL Shell 8.0\bin\;C:\Users\bheem\AppData\Local\Programs\Python\Python311\Scripts\;C:\Users\bheem\AppData\Local\Programs\Python\Python311\;C:\Users\bheem\AppData\Local\Microsoft\WindowsApps;C:\ProgramData\bheem\atom\bin;C:\Users\bheem\AppData\Roaming\npm;C:\Users\bheem\AppData\Local\Programs\Microsoft VS Code\bin;C:\Users\bheem\AppData\Local\Microsoft\WindowsApps;C:\Users\bheem\AppData\Local\GitHubDesktop\bin;D:\Applications\apache-maven-3.9.5\bin;;."/>
    <property name="java.vm.info" value="mixed mode, sharing"/>
    <property name="java.vendor" value="Oracle Corporation"/>
    <property name="java.vm.version" value="17.0.7+8-LTS-224"/>
    <property name="sun.io.unicode.encoding" value="UnicodeLittle"/>
    <property name="java.class.version" value="61.0"/>
  </properties>
  <testcase name="shouldAnswerWithTrue" classname="in.tcs.AppTest" time="0.002"/>
</testsuite>